# JRE version: OpenJDK Runtime Environment (8.0_191-b12) (build 1.8.0_191-8u191-b12-2ubuntu0.18.04.1-b12)
# Java VM: OpenJDK 64-Bit Server VM (25.191-b12 mixed mode linux-amd64 compressed oops)
Heap:
 PSYoungGen      total 214528K, used 112921K [0x00000000d7000000, 0x00000000e7800000, 0x0000000100000000)
  eden space 198656K, 49% used [0x00000000d7000000,0x00000000dcffee60,0x00000000e3200000)
  from space 15872K, 92% used [0x00000000e3200000,0x00000000e4047608,0x00000000e4180000)
  to   space 17408K, 0% used [0x00000000e6700000,0x00000000e6700000,0x00000000e7800000)
 ParOldGen       total 92160K, used 21190K [0x0000000085000000, 0x000000008aa00000, 0x00000000d7000000)
  object space 92160K, 22% used [0x0000000085000000,0x00000000864b1bc0,0x000000008aa00000)
 Metaspace       used 52477K, capacity 54864K, committed 55080K, reserved 1097728K
  class space    used 6987K, capacity 7429K, committed 7464K, reserved 1048576K
GC Heap History (10 events):
Event: 1,770 GC heap before
{Heap before GC invocations=9 (full 1):
 PSYoungGen      total 130048K, used 130031K [0x00000000d7000000, 0x00000000e1e00000, 0x0000000100000000)
  eden space 121344K, 100% used [0x00000000d7000000,0x00000000de680000,0x00000000de680000)
  from space 8704K, 99% used [0x00000000de680000,0x00000000deefbcd0,0x00000000def00000)
  to   space 10240K, 0% used [0x00000000e1400000,0x00000000e1400000,0x00000000e1e00000)
 ParOldGen       total 51712K, used 6450K [0x0000000085000000, 0x0000000088280000, 0x00000000d7000000)
  object space 51712K, 12% used [0x0000000085000000,0x000000008564c8e8,0x0000000088280000)
 Metaspace       used 30218K, capacity 31706K, committed 31792K, reserved 1077248K
  class space    used 4002K, capacity 4321K, committed 4400K, reserved 1048576K
Event: 1,778 GC heap after
Heap after GC invocations=9 (full 1):
 PSYoungGen      total 164352K, used 10234K [0x00000000d7000000, 0x00000000e3e80000, 0x0000000100000000)
  eden space 154112K, 0% used [0x00000000d7000000,0x00000000d7000000,0x00000000e0680000)
  from space 10240K, 99% used [0x00000000e1400000,0x00000000e1dfe830,0x00000000e1e00000)
  to   space 13824K, 0% used [0x00000000e0680000,0x00000000e0680000,0x00000000e1400000)
 ParOldGen       total 51712K, used 11831K [0x0000000085000000, 0x0000000088280000, 0x00000000d7000000)
  object space 51712K, 22% used [0x0000000085000000,0x0000000085b8dc98,0x0000000088280000)
 Metaspace       used 30218K, capacity 31706K, committed 31792K, reserved 1077248K
  class space    used 4002K, capacity 4321K, committed 4400K, reserved 1048576K
}
Event: 2,006 GC heap before
{Heap before GC invocations=10 (full 1):
 PSYoungGen      total 164352K, used 46051K [0x00000000d7000000, 0x00000000e3e80000, 0x0000000100000000)
  eden space 154112K, 23% used [0x00000000d7000000,0x00000000d92fa740,0x00000000e0680000)
  from space 10240K, 99% used [0x00000000e1400000,0x00000000e1dfe830,0x00000000e1e00000)
  to   space 13824K, 0% used [0x00000000e0680000,0x00000000e0680000,0x00000000e1400000)
 ParOldGen       total 51712K, used 11831K [0x0000000085000000, 0x0000000088280000, 0x00000000d7000000)
  object space 51712K, 22% used [0x0000000085000000,0x0000000085b8dc98,0x0000000088280000)
 Metaspace       used 33960K, capacity 35424K, committed 35496K, reserved 1079296K
  class space    used 4429K, capacity 4746K, committed 4776K, reserved 1048576K
Event: 2,015 GC heap after
Heap after GC invocations=10 (full 1):
 PSYoungGen      total 167936K, used 12116K [0x00000000d7000000, 0x00000000e5300000, 0x0000000100000000)
  eden space 154112K, 0% used [0x00000000d7000000,0x00000000d7000000,0x00000000e0680000)
  from space 13824K, 87% used [0x00000000e0680000,0x00000000e12553a0,0x00000000e1400000)
  to   space 14848K, 0% used [0x00000000e4480000,0x00000000e4480000,0x00000000e5300000)
 ParOldGen       total 51712K, used 13556K [0x0000000085000000, 0x0000000088280000, 0x00000000d7000000)
  object space 51712K, 26% used [0x0000000085000000,0x0000000085d3d390,0x0000000088280000)
 Metaspace       used 33960K, capacity 35424K, committed 35496K, reserved 1079296K
  class space    used 4429K, capacity 4746K, committed 4776K, reserved 1048576K
}
Event: 2,015 GC heap before
{Heap before GC invocations=11 (full 2):
 PSYoungGen      total 167936K, used 12116K [0x00000000d7000000, 0x00000000e5300000, 0x0000000100000000)
  eden space 154112K, 0% used [0x00000000d7000000,0x00000000d7000000,0x00000000e0680000)
  from space 13824K, 87% used [0x00000000e0680000,0x00000000e12553a0,0x00000000e1400000)
  to   space 14848K, 0% used [0x00000000e4480000,0x00000000e4480000,0x00000000e5300000)
 ParOldGen       total 51712K, used 13556K [0x0000000085000000, 0x0000000088280000, 0x00000000d7000000)
  object space 51712K, 26% used [0x0000000085000000,0x0000000085d3d390,0x0000000088280000)
 Metaspace       used 33960K, capacity 35424K, committed 35496K, reserved 1079296K
  class space    used 4429K, capacity 4746K, committed 4776K, reserved 1048576K
Event: 2,083 GC heap after
Heap after GC invocations=11 (full 2):
 PSYoungGen      total 167936K, used 0K [0x00000000d7000000, 0x00000000e5300000, 0x0000000100000000)
  eden space 154112K, 0% used [0x00000000d7000000,0x00000000d7000000,0x00000000e0680000)
  from space 13824K, 0% used [0x00000000e0680000,0x00000000e0680000,0x00000000e1400000)
  to   space 14848K, 0% used [0x00000000e4480000,0x00000000e4480000,0x00000000e5300000)
 ParOldGen       total 92160K, used 21174K [0x0000000085000000, 0x000000008aa00000, 0x00000000d7000000)
  object space 92160K, 22% used [0x0000000085000000,0x00000000864adbc0,0x000000008aa00000)
 Metaspace       used 33960K, capacity 35424K, committed 35496K, reserved 1079296K
  class space    used 4429K, capacity 4746K, committed 4776K, reserved 1048576K
}
Event: 2,891 GC heap before
{Heap before GC invocations=12 (full 2):
 PSYoungGen      total 167936K, used 154112K [0x00000000d7000000, 0x00000000e5300000, 0x0000000100000000)
  eden space 154112K, 100% used [0x00000000d7000000,0x00000000e0680000,0x00000000e0680000)
  from space 13824K, 0% used [0x00000000e0680000,0x00000000e0680000,0x00000000e1400000)
  to   space 14848K, 0% used [0x00000000e4480000,0x00000000e4480000,0x00000000e5300000)
 ParOldGen       total 92160K, used 21174K [0x0000000085000000, 0x000000008aa00000, 0x00000000d7000000)
  object space 92160K, 22% used [0x0000000085000000,0x00000000864adbc0,0x000000008aa00000)
 Metaspace       used 44019K, capacity 45894K, committed 45992K, reserved 1089536K
  class space    used 5872K, capacity 6225K, committed 6312K, reserved 1048576K
Event: 2,900 GC heap after
Heap after GC invocations=12 (full 2):
 PSYoungGen      total 204800K, used 12434K [0x00000000d7000000, 0x00000000e5100000, 0x0000000100000000)
  eden space 192000K, 0% used [0x00000000d7000000,0x00000000d7000000,0x00000000e2b80000)
  from space 12800K, 97% used [0x00000000e4480000,0x00000000e50a4848,0x00000000e5100000)
  to   space 15872K, 0% used [0x00000000e3200000,0x00000000e3200000,0x00000000e4180000)
 ParOldGen       total 92160K, used 21182K [0x0000000085000000, 0x000000008aa00000, 0x00000000d7000000)
  object space 92160K, 22% used [0x0000000085000000,0x00000000864afbc0,0x000000008aa00000)
 Metaspace       used 44019K, capacity 45894K, committed 45992K, reserved 1089536K
  class space    used 5872K, capacity 6225K, committed 6312K, reserved 1048576K
}
Event: 3,557 GC heap before
{Heap before GC invocations=13 (full 2):
 PSYoungGen      total 204800K, used 204434K [0x00000000d7000000, 0x00000000e5100000, 0x0000000100000000)
  eden space 192000K, 100% used [0x00000000d7000000,0x00000000e2b80000,0x00000000e2b80000)
  from space 12800K, 97% used [0x00000000e4480000,0x00000000e50a4848,0x00000000e5100000)
  to   space 15872K, 0% used [0x00000000e3200000,0x00000000e3200000,0x00000000e4180000)
 ParOldGen       total 92160K, used 21182K [0x0000000085000000, 0x000000008aa00000, 0x00000000d7000000)
  object space 92160K, 22% used [0x0000000085000000,0x00000000864afbc0,0x000000008aa00000)
 Metaspace       used 48597K, capacity 50844K, committed 51112K, reserved 1093632K
  class space    used 6534K, capacity 6958K, committed 7080K, reserved 1048576K
Event: 3,566 GC heap after
Heap after GC invocations=13 (full 2):
 PSYoungGen      total 214528K, used 14621K [0x00000000d7000000, 0x00000000e7800000, 0x0000000100000000)
  eden space 198656K, 0% used [0x00000000d7000000,0x00000000d7000000,0x00000000e3200000)
  from space 15872K, 92% used [0x00000000e3200000,0x00000000e4047608,0x00000000e4180000)
  to   space 17408K, 0% used [0x00000000e6700000,0x00000000e6700000,0x00000000e7800000)
 ParOldGen       total 92160K, used 21190K [0x0000000085000000, 0x000000008aa00000, 0x00000000d7000000)
  object space 92160K, 22% used [0x0000000085000000,0x00000000864b1bc0,0x000000008aa00000)
 Metaspace       used 48597K, capacity 50844K, committed 51112K, reserved 1093632K
  class space    used 6534K, capacity 6958K, committed 7080K, reserved 1048576K
}

